2024-03-07 19:21:48,118 [INFO] Activator:176 - 


2024-03-07 19:21:48,128 [INFO] Activator:177 - !SESSION log4j initialized
2024-03-07 19:21:55,856 [INFO] LogOutputStream:77 - [STDOUT_REDIRECT] 
2024-03-07 19:21:58,433 [INFO] ApplicationProperties:184 - Using Application install path: C:\ST\STM32CubeIDE_1.14.1\STM32CubeIDE\plugins\com.st.stm32cube.common.mx_6.10.0.202311202037
2024-03-07 19:21:58,451 [INFO] DbMcusXml:78 - Set database path to: C:\ST\STM32CubeIDE_1.14.1\STM32CubeIDE\plugins\com.st.stm32cube.common.mx_6.10.0.202311202037\\db\/mcu/
2024-03-07 19:21:58,452 [INFO] ApiDb:274 - Set plugin database path to: C:\ST\STM32CubeIDE_1.14.1\STM32CubeIDE\plugins\com.st.stm32cube.common.mx_6.10.0.202311202037\\db\/plugins/boardmanager/
2024-03-07 19:21:58,453 [WARN] ApiDb:259 - Overriding images path with different value:  => C:\ST\STM32CubeIDE_1.14.1\STM32CubeIDE\plugins\com.st.stm32cube.common.mx_6.10.0.202311202037\\db\/plugins/mcufinder/images/
2024-03-07 19:21:58,462 [INFO] ApiDb:250 - Set database path to: C:\Users\tobip\.stmcufinder\plugins\mcufinder//mcu/
2024-03-07 19:21:58,464 [INFO] DbMcusAds:125 - Set database path to: C:\Users\tobip\.stmcufinder\plugins\mcufinder//mcu/
2024-03-07 19:21:58,465 [INFO] CrossReferenceDbSqlite:203 - Set database path to: C:\Users\tobip\.stmcufinder\plugins\mcufinder//mcu/cs/
2024-03-07 19:21:58,573 [INFO] RulesReader:64 - Compatibility file has been processed (297 Rules)
2024-03-07 19:21:58,654 [INFO] DbMcusXml:78 - Set database path to: C:\ST\STM32CubeIDE_1.14.1\STM32CubeIDE\plugins\com.st.stm32cube.common.mx_6.10.0.202311202037\\db\/mcu/
2024-03-07 19:21:58,655 [INFO] ApiDb:274 - Set plugin database path to: C:\ST\STM32CubeIDE_1.14.1\STM32CubeIDE\plugins\com.st.stm32cube.common.mx_6.10.0.202311202037\\db\/plugins/boardmanager/
2024-03-07 19:21:58,655 [INFO] ApiDb:261 - Set plugin images path to: C:\ST\STM32CubeIDE_1.14.1\STM32CubeIDE\plugins\com.st.stm32cube.common.mx_6.10.0.202311202037\\db\/plugins/mcufinder/images/
2024-03-07 19:21:58,655 [WARN] DbFile:41 - Overriding database path with different value: C:\Users\tobip\.stmcufinder\plugins\mcufinder/ => C:\Users\tobip\.stmcufinder\plugins\mcufinder
2024-03-07 19:21:58,655 [INFO] ApiDb:250 - Set database path to: C:\Users\tobip\.stmcufinder\plugins\mcufinder//mcu/
2024-03-07 19:21:58,655 [WARN] DbFile:41 - Overriding database path with different value: C:\Users\tobip\.stmcufinder\plugins\mcufinder/ => C:\Users\tobip\.stmcufinder\plugins\mcufinder
2024-03-07 19:21:58,655 [INFO] DbMcusAds:125 - Set database path to: C:\Users\tobip\.stmcufinder\plugins\mcufinder//mcu/
2024-03-07 19:21:58,655 [WARN] DbFile:41 - Overriding database path with different value: C:\Users\tobip\.stmcufinder\plugins\mcufinder/ => C:\Users\tobip\.stmcufinder\plugins\mcufinder
2024-03-07 19:21:58,655 [WARN] DbFile:41 - Overriding database path with different value: C:\Users\tobip\.stmcufinder\plugins\mcufinder/ => C:\Users\tobip\.stmcufinder\plugins\mcufinder
2024-03-07 19:21:58,655 [INFO] CrossReferenceDbSqlite:203 - Set database path to: C:\Users\tobip\.stmcufinder\plugins\mcufinder//mcu/cs/
2024-03-07 19:21:58,740 [INFO] MainPanel:264 - HeapMemory: 268435456
2024-03-07 19:21:58,844 [INFO] DbMcusXml:78 - Set database path to: C:\ST\STM32CubeIDE_1.14.1\STM32CubeIDE\plugins\com.st.stm32cube.common.mx_6.10.0.202311202037\\db\/mcu/
2024-03-07 19:21:58,844 [INFO] ApiDb:274 - Set plugin database path to: C:\ST\STM32CubeIDE_1.14.1\STM32CubeIDE\plugins\com.st.stm32cube.common.mx_6.10.0.202311202037\\db\/plugins/boardmanager/
2024-03-07 19:21:58,844 [INFO] ApiDb:261 - Set plugin images path to: C:\ST\STM32CubeIDE_1.14.1\STM32CubeIDE\plugins\com.st.stm32cube.common.mx_6.10.0.202311202037\\db\/plugins/mcufinder/images/
2024-03-07 19:21:58,844 [WARN] DbFile:41 - Overriding database path with different value: C:\Users\tobip\.stmcufinder\plugins\mcufinder/ => C:\Users\tobip\.stmcufinder\plugins\mcufinder
2024-03-07 19:21:58,844 [INFO] ApiDb:250 - Set database path to: C:\Users\tobip\.stmcufinder\plugins\mcufinder//mcu/
2024-03-07 19:21:58,844 [WARN] DbFile:41 - Overriding database path with different value: C:\Users\tobip\.stmcufinder\plugins\mcufinder/ => C:\Users\tobip\.stmcufinder\plugins\mcufinder
2024-03-07 19:21:58,844 [INFO] DbMcusAds:125 - Set database path to: C:\Users\tobip\.stmcufinder\plugins\mcufinder//mcu/
2024-03-07 19:21:58,844 [WARN] DbFile:41 - Overriding database path with different value: C:\Users\tobip\.stmcufinder\plugins\mcufinder/ => C:\Users\tobip\.stmcufinder\plugins\mcufinder
2024-03-07 19:21:58,845 [WARN] DbFile:41 - Overriding database path with different value: C:\Users\tobip\.stmcufinder\plugins\mcufinder/ => C:\Users\tobip\.stmcufinder\plugins\mcufinder
2024-03-07 19:21:58,845 [INFO] CrossReferenceDbSqlite:203 - Set database path to: C:\Users\tobip\.stmcufinder\plugins\mcufinder//mcu/cs/
2024-03-07 19:21:58,863 [INFO] ApplicationProperties:184 - Using Application install path: C:\ST\STM32CubeIDE_1.14.1\STM32CubeIDE\plugins\com.st.stm32cube.common.mx_6.10.0.202311202037
2024-03-07 19:21:58,865 [INFO] PluginManage:196 - Search for loadable plugins [exclusion list=, ]
2024-03-07 19:21:58,866 [INFO] PluginManage:310 - Check plugin analytics
2024-03-07 19:21:59,061 [INFO] AnalyticsPlugin:253 - Accepted Software Licenses: 
2024-03-07 19:21:59,061 [INFO] AnalyticsPlugin:255 - Accepted CMSIS Pack Licenses: 
2024-03-07 19:21:59,061 [INFO] AnalyticsPlugin:257 - Accepted Firmware Licenses: 
2024-03-07 19:21:59,064 [INFO] PluginManage:359 - Loaded plugin analytics (category:tool,tabindex:-1)
2024-03-07 19:21:59,065 [INFO] PluginManage:310 - Check plugin cadmodel
2024-03-07 19:21:59,083 [INFO] CADModel:105 - Init CAD model plugin
2024-03-07 19:21:59,083 [INFO] PluginManage:359 - Loaded plugin cadmodel (category:power,tabindex:5)
2024-03-07 19:21:59,083 [INFO] PluginManage:310 - Check plugin clock
2024-03-07 19:21:59,112 [INFO] PluginManage:359 - Loaded plugin clock (category:base,tabindex:2)
2024-03-07 19:21:59,113 [INFO] PluginManage:310 - Check plugin ddr
2024-03-07 19:21:59,116 [INFO] PluginManage:359 - Loaded plugin ddr (category:tool,tabindex:6)
2024-03-07 19:21:59,116 [INFO] PluginManage:310 - Check plugin filemanager
2024-03-07 19:21:59,269 [INFO] PluginManage:359 - Loaded plugin filemanager (category:base,tabindex:10)
2024-03-07 19:21:59,269 [INFO] PluginManage:310 - Check plugin ipmanager
2024-03-07 19:21:59,275 [INFO] PluginManage:359 - Loaded plugin ipmanager (category:base,tabindex:5)
2024-03-07 19:21:59,276 [INFO] PluginManage:310 - Check plugin lpbam
2024-03-07 19:21:59,291 [INFO] PluginManage:359 - Loaded plugin lpbam (category:base,tabindex:0)
2024-03-07 19:21:59,291 [INFO] PluginManage:310 - Check plugin memorymap
2024-03-07 19:21:59,312 [INFO] PluginManage:359 - Loaded plugin memorymap (category:base,tabindex:4)
2024-03-07 19:21:59,312 [INFO] PluginManage:310 - Check plugin pinoutandconfiguration
2024-03-07 19:21:59,328 [INFO] PluginManage:359 - Loaded plugin pinoutandconfiguration (category:base,tabindex:1)
2024-03-07 19:21:59,328 [INFO] PluginManage:310 - Check plugin pinoutconfig
2024-03-07 19:21:59,418 [WARN] SupportedApi:132 - Cannot load RTOS API schema: s4s-elt-must-match.1: The content of 'definitions' must match (annotation?, (simpleType | complexType)?, (unique | key | keyref)*)). A problem was found starting at: attribute.
2024-03-07 19:21:59,541 [INFO] PluginManage:359 - Loaded plugin pinoutconfig (category:base,tabindex:0)
2024-03-07 19:21:59,542 [INFO] PluginManage:310 - Check plugin power
2024-03-07 19:21:59,563 [INFO] PluginManage:359 - Loaded plugin power (category:power,tabindex:4)
2024-03-07 19:21:59,563 [INFO] PluginManage:310 - Check plugin projectmanager
2024-03-07 19:21:59,576 [INFO] PluginManage:359 - Loaded plugin projectmanager (category:projectmanager,tabindex:3)
2024-03-07 19:21:59,576 [INFO] PluginManage:310 - Check plugin thirdparty
2024-03-07 19:21:59,861 [INFO] PluginManage:359 - Loaded plugin thirdparty (category:base,tabindex:-1)
2024-03-07 19:21:59,861 [INFO] PluginManage:310 - Check plugin tools
2024-03-07 19:21:59,861 [WARN] IntegrityCheckThread:84 - waiting for thirdparty lock release [integrity check]
2024-03-07 19:21:59,862 [INFO] IntegrityCheckThread:86 - entering critical section [integrity check]
2024-03-07 19:21:59,862 [INFO] ThirdPartyUpdaterWithRetryManager:70 - Updater plugin not ready yet. [1/15]
2024-03-07 19:21:59,888 [INFO] PluginManage:359 - Loaded plugin tools (category:base,tabindex:7)
2024-03-07 19:21:59,888 [INFO] PluginManage:310 - Check plugin tutovideos
2024-03-07 19:22:00,068 [INFO] PluginManage:359 - Loaded plugin tutovideos (category:base,tabindex:-1)
2024-03-07 19:22:00,068 [INFO] PluginManage:310 - Check plugin updater
2024-03-07 19:22:00,082 [INFO] PluginManage:359 - Loaded plugin updater (category:base,tabindex:12)
2024-03-07 19:22:00,082 [INFO] PluginManage:310 - Check plugin userauth
2024-03-07 19:22:00,088 [INFO] UserAuth:114 - Init User Auth plugin
2024-03-07 19:22:00,088 [INFO] PluginManage:359 - Loaded plugin userauth (category:base,tabindex:14)
2024-03-07 19:22:00,088 [INFO] PluginManage:283 - PluginManage : Loaded plugins [17]
2024-03-07 19:22:00,336 [INFO] PinOutPanel:1499 - setPackage(No Configuration,No Configuration)
2024-03-07 19:22:00,423 [INFO] CADModel:165 - CPN selected for project level
2024-03-07 19:22:00,423 [INFO] CADModel:114 - Register for checkConnection events
2024-03-07 19:22:00,451 [INFO] IPUIPlugin:80 - create IPUIPlugin
2024-03-07 19:22:00,451 [INFO] PluginManager:220 - loadIPPluginJar : add adc
2024-03-07 19:22:00,487 [INFO] IPUIPlugin:80 - create IPUIPlugin
2024-03-07 19:22:00,487 [INFO] PluginManager:220 - loadIPPluginJar : add aes
2024-03-07 19:22:00,534 [INFO] IPUIPlugin:80 - create IPUIPlugin
2024-03-07 19:22:00,534 [INFO] PluginManager:220 - loadIPPluginJar : add can
2024-03-07 19:22:00,563 [INFO] IPUIPlugin:80 - create IPUIPlugin
2024-03-07 19:22:00,564 [INFO] PluginManager:220 - loadIPPluginJar : add comp
2024-03-07 19:22:00,598 [INFO] IPUIPlugin:80 - create IPUIPlugin
2024-03-07 19:22:00,598 [INFO] PluginManager:220 - loadIPPluginJar : add cryp
2024-03-07 19:22:00,641 [INFO] IPUIPlugin:80 - create IPUIPlugin
2024-03-07 19:22:00,641 [INFO] PluginManager:220 - loadIPPluginJar : add dfsdm
2024-03-07 19:22:00,655 [INFO] IPUIPlugin:80 - create IPUIPlugin
2024-03-07 19:22:00,655 [INFO] PluginManager:220 - loadIPPluginJar : add dma
2024-03-07 19:22:00,691 [INFO] IPUIPlugin:80 - create IPUIPlugin
2024-03-07 19:22:00,692 [INFO] PluginManager:220 - loadIPPluginJar : add dma3
2024-03-07 19:22:00,709 [INFO] IPUIPlugin:80 - create IPUIPlugin
2024-03-07 19:22:00,709 [INFO] PluginManager:220 - loadIPPluginJar : add fatfs
2024-03-07 19:22:00,781 [INFO] IPUIPlugin:80 - create IPUIPlugin
2024-03-07 19:22:00,781 [INFO] PluginManager:220 - loadIPPluginJar : add fmc
2024-03-07 19:22:00,794 [INFO] IPUIPlugin:80 - create IPUIPlugin
2024-03-07 19:22:00,795 [INFO] PluginManager:220 - loadIPPluginJar : add freertos
2024-03-07 19:22:00,809 [INFO] IPUIPlugin:80 - create IPUIPlugin
2024-03-07 19:22:00,809 [INFO] PluginManager:220 - loadIPPluginJar : add genericplugin
2024-03-07 19:22:00,911 [INFO] IPUIPlugin:80 - create IPUIPlugin
2024-03-07 19:22:00,911 [INFO] PluginManager:220 - loadIPPluginJar : add gfxmmu
2024-03-07 19:22:01,066 [INFO] IPUIPlugin:80 - create IPUIPlugin
2024-03-07 19:22:01,066 [INFO] PluginManager:220 - loadIPPluginJar : add gic
2024-03-07 19:22:01,085 [INFO] IPUIPlugin:80 - create IPUIPlugin
2024-03-07 19:22:01,085 [INFO] PluginManager:220 - loadIPPluginJar : add gpio
2024-03-07 19:22:01,187 [INFO] IPUIPlugin:80 - create IPUIPlugin
2024-03-07 19:22:01,187 [INFO] PluginManager:220 - loadIPPluginJar : add gtzc
2024-03-07 19:22:01,230 [INFO] IPUIPlugin:80 - create IPUIPlugin
2024-03-07 19:22:01,231 [INFO] PluginManager:220 - loadIPPluginJar : add hash
2024-03-07 19:22:01,285 [INFO] IPUIPlugin:80 - create IPUIPlugin
2024-03-07 19:22:01,285 [INFO] PluginManager:220 - loadIPPluginJar : add i2c
2024-03-07 19:22:01,340 [INFO] IPUIPlugin:80 - create IPUIPlugin
2024-03-07 19:22:01,341 [INFO] PluginManager:220 - loadIPPluginJar : add i2s
2024-03-07 19:22:01,375 [INFO] IPUIPlugin:80 - create IPUIPlugin
2024-03-07 19:22:01,376 [INFO] PluginManager:220 - loadIPPluginJar : add i3c
2024-03-07 19:22:01,468 [INFO] IPUIPlugin:80 - create IPUIPlugin
2024-03-07 19:22:01,468 [INFO] PluginManager:220 - loadIPPluginJar : add ipddr
2024-03-07 19:22:01,556 [INFO] IPUIPlugin:80 - create IPUIPlugin
2024-03-07 19:22:01,556 [INFO] PluginManager:220 - loadIPPluginJar : add linkedlist
2024-03-07 19:22:01,583 [INFO] IPUIPlugin:80 - create IPUIPlugin
2024-03-07 19:22:01,584 [INFO] PluginManager:220 - loadIPPluginJar : add lorawan
2024-03-07 19:22:01,616 [INFO] IPUIPlugin:80 - create IPUIPlugin
2024-03-07 19:22:01,616 [INFO] PluginManager:220 - loadIPPluginJar : add ltdc
2024-03-07 19:22:01,627 [INFO] IPUIPlugin:80 - create IPUIPlugin
2024-03-07 19:22:01,627 [INFO] PluginManager:220 - loadIPPluginJar : add mdma
2024-03-07 19:22:01,638 [INFO] IPUIPlugin:80 - create IPUIPlugin
2024-03-07 19:22:01,638 [INFO] PluginManager:220 - loadIPPluginJar : add nvic
2024-03-07 19:22:01,665 [INFO] IPUIPlugin:80 - create IPUIPlugin
2024-03-07 19:22:01,665 [INFO] PluginManager:220 - loadIPPluginJar : add opamp
2024-03-07 19:22:01,739 [INFO] IPUIPlugin:80 - create IPUIPlugin
2024-03-07 19:22:01,740 [INFO] PluginManager:220 - loadIPPluginJar : add openamp
2024-03-07 19:22:01,805 [INFO] IPUIPlugin:80 - create IPUIPlugin
2024-03-07 19:22:01,805 [INFO] PluginManager:220 - loadIPPluginJar : add pdm2pcm
2024-03-07 19:22:01,817 [INFO] IPUIPlugin:80 - create IPUIPlugin
2024-03-07 19:22:01,819 [INFO] PluginManager:220 - loadIPPluginJar : add plateformsettings
2024-03-07 19:22:01,844 [INFO] IPUIPlugin:80 - create IPUIPlugin
2024-03-07 19:22:01,844 [INFO] PluginManager:220 - loadIPPluginJar : add quadspi
2024-03-07 19:22:01,861 [INFO] IPUIPlugin:80 - create IPUIPlugin
2024-03-07 19:22:01,861 [INFO] PluginManager:220 - loadIPPluginJar : add resmgrutility
2024-03-07 19:22:01,901 [INFO] IPUIPlugin:80 - create IPUIPlugin
2024-03-07 19:22:01,901 [INFO] PluginManager:220 - loadIPPluginJar : add sai
2024-03-07 19:22:01,938 [INFO] IPUIPlugin:80 - create IPUIPlugin
2024-03-07 19:22:01,938 [INFO] PluginManager:220 - loadIPPluginJar : add spi
2024-03-07 19:22:02,020 [INFO] IPUIPlugin:80 - create IPUIPlugin
2024-03-07 19:22:02,020 [INFO] PluginManager:220 - loadIPPluginJar : add stm32_wpan
2024-03-07 19:22:02,049 [INFO] IPUIPlugin:80 - create IPUIPlugin
2024-03-07 19:22:02,049 [INFO] PluginManager:220 - loadIPPluginJar : add tim
2024-03-07 19:22:02,116 [INFO] IPUIPlugin:80 - create IPUIPlugin
2024-03-07 19:22:02,116 [INFO] PluginManager:220 - loadIPPluginJar : add touchsensing
2024-03-07 19:22:02,133 [INFO] IPUIPlugin:80 - create IPUIPlugin
2024-03-07 19:22:02,134 [INFO] PluginManager:220 - loadIPPluginJar : add tracer_emb
2024-03-07 19:22:02,149 [INFO] IPUIPlugin:80 - create IPUIPlugin
2024-03-07 19:22:02,150 [INFO] PluginManager:220 - loadIPPluginJar : add ts
2024-03-07 19:22:02,165 [INFO] IPUIPlugin:80 - create IPUIPlugin
2024-03-07 19:22:02,165 [INFO] PluginManager:220 - loadIPPluginJar : add tsc
2024-03-07 19:22:02,200 [INFO] IPUIPlugin:80 - create IPUIPlugin
2024-03-07 19:22:02,200 [INFO] PluginManager:220 - loadIPPluginJar : add ucpd
2024-03-07 19:22:02,262 [INFO] IPUIPlugin:80 - create IPUIPlugin
2024-03-07 19:22:02,262 [INFO] PluginManager:220 - loadIPPluginJar : add usart
2024-03-07 19:22:02,321 [INFO] IPUIPlugin:80 - create IPUIPlugin
2024-03-07 19:22:02,321 [INFO] PluginManager:220 - loadIPPluginJar : add usbx
2024-03-07 19:22:02,450 [INFO] CADModel:165 - CPN selected for project level
2024-03-07 19:22:02,450 [INFO] CADModel:114 - Register for checkConnection events
2024-03-07 19:22:02,450 [FATAL] Updater:308 - Updater called before beeing initialized
2024-03-07 19:22:02,451 [ERROR] CADModel:125 - Updater not yet initialized, retry later 
2024-03-07 19:22:02,588 [INFO] CADModel:165 - CPN selected for project level
2024-03-07 19:22:02,588 [INFO] CADModel:114 - Register for checkConnection events
2024-03-07 19:22:02,588 [FATAL] Updater:308 - Updater called before beeing initialized
2024-03-07 19:22:02,588 [ERROR] CADModel:125 - Updater not yet initialized, retry later 
2024-03-07 19:22:02,591 [FATAL] Updater:308 - Updater called before beeing initialized
2024-03-07 19:22:02,720 [FATAL] Updater:308 - Updater called before beeing initialized
2024-03-07 19:22:02,729 [INFO] DbMcusAds:53 - JSON generation date=Wed Nov 29 07:52:27 ART 2023 (1701255147349)
2024-03-07 19:22:02,730 [FATAL] Updater:308 - Updater called before beeing initialized
2024-03-07 19:22:02,798 [WARN] DetailPanel:346 - Failed to get advertising image, set to default
2024-03-07 19:22:02,862 [INFO] ThirdPartyUpdaterWithRetryManager:70 - Updater plugin not ready yet. [2/15]
2024-03-07 19:22:02,916 [FATAL] Updater:308 - Updater called before beeing initialized
2024-03-07 19:22:02,919 [FATAL] Updater:308 - Updater called before beeing initialized
2024-03-07 19:22:02,919 [FATAL] Updater:308 - Updater called before beeing initialized
2024-03-07 19:22:02,919 [WARN] DetailPanel:346 - Failed to get advertising image, set to default
2024-03-07 19:22:02,919 [FATAL] Updater:308 - Updater called before beeing initialized
2024-03-07 19:22:02,987 [ERROR] Updater:1120 - MainUpdater not yet initialized. External WinMGr cannot be set.
2024-03-07 19:22:03,000 [INFO] Updater:1056 - Updater Version found : 6.10.0
2024-03-07 19:22:03,020 [INFO] ApplicationProperties:184 - Using Application install path: C:\ST\STM32CubeIDE_1.14.1\STM32CubeIDE\plugins\com.st.stm32cube.common.mx_6.10.0.202311202037
2024-03-07 19:22:04,640 [ERROR] LogOutputStream:75 - [STDERR_REDIRECT] Mar 07, 2024 7:22:04 PM java.util.prefs.WindowsPreferences <init>
2024-03-07 19:22:04,642 [ERROR] LogOutputStream:75 - [STDERR_REDIRECT] WARNING: Could not open/create prefs root node Software\JavaSoft\Prefs at root 0xffffffff80000002. Windows RegCreateKeyEx(...) returned error code 5.
2024-03-07 19:22:04,643 [ERROR] LogOutputStream:75 - [STDERR_REDIRECT] 
2024-03-07 19:22:05,078 [INFO] MainUpdater:2873 - connection check result : 10
2024-03-07 19:22:05,078 [INFO] MainUpdater:3567 - Updater definition file requires update
2024-03-07 19:22:05,078 [INFO] MainUpdater:290 - Updater Check For Update Now.
2024-03-07 19:22:05,078 [INFO] MicroXplorer:498 - Change Database Version : DB.6.0.100
2024-03-07 19:22:05,098 [INFO] McuFinderGlobals:63 - Set McuFinder mode to 2 (CubeIDE integrated)
2024-03-07 19:22:05,109 [INFO] UserAuth:180 - activating auth plugin
2024-03-07 19:22:05,109 [INFO] UserAuth:404 - Internet connection configuration mode: 1
2024-03-07 19:22:05,141 [INFO] JxBrowserEngine:152 - Initiate JxBrowser Engine with user profile folder
2024-03-07 19:22:05,213 [INFO] ServerAccessManage:473 - Download File updaters.zip
2024-03-07 19:22:05,521 [INFO] FileExtend:240 - Unzip File : updaters.zip
2024-03-07 19:22:05,521 [INFO] FileExtend:255 - Standard Zip Deflate
2024-03-07 19:22:05,869 [WARN] MainUpdater:1194 - Updater busy. Cannot search thirdparties
2024-03-07 19:22:05,869 [INFO] ThirdPartyUpdaterWithRetryManager:96 - Updater plugin is busy. [1/15]
2024-03-07 19:22:05,965 [INFO] ServerAccessManage:473 - Download File PacksControlFlags.xml
2024-03-07 19:22:06,159 [INFO] ServerAccessManage:473 - Download File cubemx.pidx
2024-03-07 19:22:07,868 [INFO] ServerAccessManage:473 - Download File STMicroelectronics.X-CUBE-TOF1.pdsc
2024-03-07 19:22:08,880 [WARN] MainUpdater:1194 - Updater busy. Cannot search thirdparties
2024-03-07 19:22:08,880 [INFO] ThirdPartyUpdaterWithRetryManager:96 - Updater plugin is busy. [2/15]
2024-03-07 19:22:09,916 [ERROR] ServerAccessManage:1089 - Problem, file not found on Server
2024-03-07 19:22:10,089 [INFO] WebApp:161 - Instantiating new browser for Auth
2024-03-07 19:22:11,109 [INFO] WebApp:780 - Register for checkConnection events
2024-03-07 19:22:11,109 [INFO] WebApp:414 - Apply proxy settings
2024-03-07 19:22:11,109 [INFO] WebApp:499 - Chromium requires no authentication
2024-03-07 19:22:11,120 [INFO] WebApp:442 - Direct internet connection detected
2024-03-07 19:22:11,376 [INFO] WebApp:192 - Starting web application
2024-03-07 19:22:11,376 [INFO] WebApp:544 - Web application path used C:\ST\STM32CubeIDE_1.14.1\STM32CubeIDE\plugins\com.st.stm32cube.common.mx_6.10.0.202311202037\db\plugins\mcufinder\reactClient1\index.html
2024-03-07 19:22:11,882 [WARN] MainUpdater:1194 - Updater busy. Cannot search thirdparties
2024-03-07 19:22:11,882 [INFO] ThirdPartyUpdaterWithRetryManager:96 - Updater plugin is busy. [3/15]
2024-03-07 19:22:13,828 [ERROR] ServerAccessManage:1096 - Problem, Http access forbiden
2024-03-07 19:22:13,828 [ERROR] ServerAccessManage:651 - Problem, Http access forbiden : RoweBots.I-CUBE-UNISONRTOS.pdsc.
2024-03-07 19:22:14,103 [WARN] PackLoader:240 - Cannot read IP mode file for STMicroelectronics.X-CUBE-TOF1.3.4.1
2024-03-07 19:22:14,139 [INFO] PopulateThirdPartyThread:66 - Ending populate Thread
2024-03-07 19:22:14,139 [INFO] ThirdParty:1030 - CMSIS Pack Vendor :STMicroelectronics X-CUBE-TOF1 3.4.1
2024-03-07 19:22:14,139 [INFO] LoadServerUpdatesThread:375 - End of LoadServerUpdate Thread
2024-03-07 19:22:14,216 [INFO] CheckServerUpdateThread:120 - End of CheckServer Thread
2024-03-07 19:22:15,185 [WARN] PackLoader:240 - Cannot read IP mode file for STMicroelectronics.X-CUBE-SMBUS.2.1.0
2024-03-07 19:22:15,193 [WARN] PackLoader:240 - Cannot read IP mode file for STMicroelectronics.X-CUBE-TOUCHGFX.4.23.0
2024-03-07 19:22:15,252 [WARN] PackLoader:240 - Cannot read IP mode file for STMicroelectronics.X-CUBE-AZRTOS-F7.1.1.0
2024-03-07 19:22:15,268 [WARN] PackLoader:240 - Cannot read IP mode file for STMicroelectronics.FP-SNS-MOTENV1.4.3.2
2024-03-07 19:22:15,284 [WARN] PackLoader:240 - Cannot read IP mode file for STMicroelectronics.FP-SNS-FLIGHT1.5.0.2
2024-03-07 19:22:15,300 [WARN] PackLoader:240 - Cannot read IP mode file for STMicroelectronics.X-CUBE-DISPLAY.3.0.0
2024-03-07 19:22:15,331 [WARN] PackLoader:240 - Cannot read IP mode file for STMicroelectronics.X-CUBE-BLE1.7.0.0
2024-03-07 19:22:15,347 [WARN] PackLoader:240 - Cannot read IP mode file for emotas.I-CUBE-CANOPEN.1.3.0
2024-03-07 19:22:15,379 [WARN] PackLoader:240 - Cannot read IP mode file for STMicroelectronics.X-CUBE-BLEMGR.3.1.0
2024-03-07 19:22:15,394 [WARN] PackLoader:240 - Cannot read IP mode file for STMicroelectronics.FP-SNS-SMARTAG2.1.2.0
2024-03-07 19:22:15,442 [INFO] LogOutputStream:77 - [STDOUT_REDIRECT] 1 : Invalid condition id : UX_CORESTACK_Condition cause : null
2024-03-07 19:22:15,442 [INFO] LogOutputStream:77 - [STDOUT_REDIRECT] 1 : Invalid condition id : UX_CORESTACK_Condition cause : null
2024-03-07 19:22:15,446 [INFO] LogOutputStream:77 - [STDOUT_REDIRECT] 1 : Invalid condition id : UX_CORESTACK_Condition cause : null
2024-03-07 19:22:15,446 [INFO] LogOutputStream:77 - [STDOUT_REDIRECT] 1 : Invalid condition id : UX_CORESTACK_Condition cause : null
2024-03-07 19:22:15,446 [INFO] LogOutputStream:77 - [STDOUT_REDIRECT] 1 : Invalid condition id : UX_CORESTACK_Condition cause : null
2024-03-07 19:22:15,458 [WARN] PackLoader:240 - Cannot read IP mode file for STMicroelectronics.X-CUBE-AZRTOS-WL.2.0.0
2024-03-07 19:22:15,505 [WARN] PackLoader:240 - Cannot read IP mode file for WES.I-CUBE-Cesium.1.3.0
2024-03-07 19:22:15,521 [WARN] PackLoader:240 - Cannot read IP mode file for STMicroelectronics.X-CUBE-BLE2.3.3.0
2024-03-07 19:22:15,536 [WARN] PackLoader:240 - Cannot read IP mode file for STMicroelectronics.X-CUBE-ALGOBUILD.1.3.0
2024-03-07 19:22:15,600 [WARN] PackLoader:240 - Cannot read IP mode file for STMicroelectronics.X-CUBE-AZRTOS-G0.1.1.0
2024-03-07 19:22:15,631 [WARN] PackLoader:240 - Cannot read IP mode file for STMicroelectronics.X-CUBE-NFC4.3.0.0
2024-03-07 19:22:15,647 [WARN] PackLoader:240 - Cannot read IP mode file for STMicroelectronics.X-CUBE-BLEMGR.3.0.0
2024-03-07 19:22:15,664 [WARN] PackLoader:240 - Cannot read IP mode file for STMicroelectronics.FP-ATR-SIGFOX1.3.2.0
2024-03-07 19:22:15,679 [WARN] PackLoader:240 - Cannot read IP mode file for STMicroelectronics.X-CUBE-EEPRMA1.5.1.0
2024-03-07 19:22:15,742 [WARN] PackLoader:240 - Cannot read IP mode file for SEGGER.I-CUBE-embOS.1.3.1
2024-03-07 19:22:15,821 [WARN] PackLoader:240 - Cannot read IP mode file for STMicroelectronics.X-CUBE-GNSS1.6.0.0
2024-03-07 19:22:15,868 [WARN] PackLoader:240 - Cannot read IP mode file for STMicroelectronics.X-CUBE-AZRTOS-F4.1.1.0
2024-03-07 19:22:15,889 [WARN] PackLoader:240 - Cannot read IP mode file for wolfSSL.I-CUBE-wolfSSL.5.6.6
2024-03-07 19:22:15,936 [WARN] PackLoader:240 - Cannot read IP mode file for STMicroelectronics.X-CUBE-AZRTOS-L5.2.0.0
2024-03-07 19:22:15,958 [WARN] PackLoader:240 - Cannot read IP mode file for ITTIA_DB.I-CUBE-ITTIADB.8.8.0
2024-03-07 19:22:15,964 [WARN] PackLoader:240 - Cannot read IP mode file for STMicroelectronics.X-CUBE-NFC7.1.0.1
2024-03-07 19:22:15,996 [WARN] PackLoader:240 - Cannot read IP mode file for STMicroelectronics.X-CUBE-NFC6.3.0.0
2024-03-07 19:22:16,012 [WARN] PackLoader:240 - Cannot read IP mode file for STMicroelectronics.X-CUBE-AI.8.1.0
2024-03-07 19:22:16,048 [WARN] ConditionMgr:438 - getConditionDescription Invalid condition id : LAN8742 Phy interface Condition cause : null
2024-03-07 19:22:16,048 [WARN] PackLoader:240 - Cannot read IP mode file for STMicroelectronics.X-CUBE-AZRTOS-L4.2.0.0
2024-03-07 19:22:16,048 [WARN] ConditionMgr:1039 - genDependencies : Invalid condition id : LAN8742 Phy interface Condition cause : null
2024-03-07 19:22:16,048 [WARN] ConditionMgr:1039 - genDependencies : Invalid condition id : LAN8742 Phy interface Condition cause : null
2024-03-07 19:22:16,048 [WARN] ConditionMgr:1039 - genDependencies : Invalid condition id : LAN8742 Phy interface Condition cause : null
2024-03-07 19:22:16,076 [WARN] PackLoader:240 - Cannot read IP mode file for STMicroelectronics.X-CUBE-SFXS2LP1.4.0.0
2024-03-07 19:22:16,123 [WARN] ConditionMgr:438 - getConditionDescription Invalid condition id : UX DEVICE CLASS RTOS Condition cause : null
2024-03-07 19:22:16,123 [WARN] ConditionMgr:438 - getConditionDescription Invalid condition id : UX DEVICE CLASS RTOS Condition cause : null
2024-03-07 19:22:16,123 [WARN] PackLoader:240 - Cannot read IP mode file for STMicroelectronics.X-CUBE-AZRTOS-WB.2.0.0
2024-03-07 19:22:16,123 [WARN] ConditionMgr:1039 - genDependencies : Invalid condition id : UX DEVICE CLASS RTOS Condition cause : null
2024-03-07 19:22:16,123 [WARN] ConditionMgr:1039 - genDependencies : Invalid condition id : UX DEVICE CLASS RTOS Condition cause : null
2024-03-07 19:22:16,123 [WARN] ConditionMgr:1039 - genDependencies : Invalid condition id : UX DEVICE CLASS RTOS Condition cause : null
2024-03-07 19:22:16,123 [WARN] ConditionMgr:1039 - genDependencies : Invalid condition id : UX DEVICE CLASS RTOS Condition cause : null
2024-03-07 19:22:16,123 [WARN] ConditionMgr:1039 - genDependencies : Invalid condition id : UX DEVICE CLASS RTOS Condition cause : null
2024-03-07 19:22:16,165 [WARN] PackLoader:240 - Cannot read IP mode file for STMicroelectronics.X-CUBE-SUBG2.5.0.0
2024-03-07 19:22:16,218 [WARN] PackLoader:240 - Cannot read IP mode file for STMicroelectronics.X-CUBE-AZRTOS-G4.2.0.0
2024-03-07 19:22:16,238 [WARN] PackLoader:240 - Cannot read IP mode file for Infineon.AIROC-Wi-Fi-Bluetooth-STM32.1.5.1
2024-03-07 19:22:16,265 [WARN] PackLoader:240 - Cannot read IP mode file for STMicroelectronics.FP-SNS-MOTENVWB1.1.3.1
2024-03-07 19:22:16,281 [WARN] PackLoader:240 - Cannot read IP mode file for STMicroelectronics.X-CUBE-ISPU.2.0.0
2024-03-07 19:22:16,349 [WARN] PackLoader:240 - Cannot read IP mode file for STMicroelectronics.X-CUBE-MEMS1.10.0.0
2024-03-07 19:22:16,534 [WARN] PackLoader:240 - Cannot read IP mode file for STMicroelectronics.X-CUBE-FREERTOS.1.1.0
2024-03-07 19:22:16,550 [WARN] PackLoader:240 - Cannot read IP mode file for portGmbH.I-Cube-SoM-uGOAL.1.1.0
2024-03-07 19:22:16,566 [WARN] PackLoader:240 - Cannot read IP mode file for STMicroelectronics.X-CUBE-ALS.1.0.1
2024-03-07 19:22:16,566 [WARN] PackLoader:240 - Cannot read IP mode file for STMicroelectronics.FP-ATR-ASTRA1.2.0.0
2024-03-07 19:22:16,598 [WARN] PackLoader:240 - Cannot read IP mode file for STMicroelectronics.X-CUBE-TOF1.3.4.0
2024-03-07 19:22:16,624 [WARN] PackLoader:240 - Cannot read IP mode file for STMicroelectronics.X-CUBE-TOF1.3.4.1
2024-03-07 19:22:16,687 [WARN] PackLoader:240 - Cannot read IP mode file for STMicroelectronics.X-CUBE-AZRTOS-H7.3.2.0
2024-03-07 19:22:16,693 [INFO] ThirdParty:978 - Integrity check success = true
2024-03-07 19:22:16,693 [INFO] IntegrityCheckThread:100 - exiting critical section [integrity check]
2024-03-07 19:22:16,693 [INFO] IntegrityCheckThread:103 - End integrity checks thread
2024-03-07 19:22:32,616 [ERROR] LogOutputStream:75 - [STDERR_REDIRECT] SLF4J: Failed to load class "org.slf4j.impl.StaticLoggerBinder".
2024-03-07 19:22:32,616 [ERROR] LogOutputStream:75 - [STDERR_REDIRECT] SLF4J: Defaulting to no-operation (NOP) logger implementation
2024-03-07 19:22:32,616 [ERROR] LogOutputStream:75 - [STDERR_REDIRECT] SLF4J: See http://www.slf4j.org/codes.html#StaticLoggerBinder for further details.
